Using pre-set license
Built from '2022.3/release' branch; Version is '2022.3.5f1 (9674261d40ee) revision 9860134'; Using compiler version '192829333'; Build Type 'Release'
OS: 'Windows 11  (10.0.22621) 64bit CoreSingleLanguage' Language: 'en' Physical Memory: 14272 MB
BatchMode: 1, IsHumanControllingUs: 0, StartBugReporterOnCrash: 0, Is64bit: 1, IsPro: 1

COMMAND LINE ARGUMENTS:
C:\Program Files\Unity\Hub\Editor\Unity 2022.3.5f1\Editor\Unity.exe
-adb2
-batchMode
-noUpm
-name
AssetImportWorker0
-projectPath
D:/CloneCardGame
-logFile
Logs/AssetImportWorker0.log
-srvPort
50897
Successfully changed project path to: D:/CloneCardGame
D:/CloneCardGame
[UnityMemory] Configuration Parameters - Can be set up in boot.config
    "memorysetup-bucket-allocator-granularity=16"
    "memorysetup-bucket-allocator-bucket-count=8"
    "memorysetup-bucket-allocator-block-size=33554432"
    "memorysetup-bucket-allocator-block-count=8"
    "memorysetup-main-allocator-block-size=16777216"
    "memorysetup-thread-allocator-block-size=16777216"
    "memorysetup-gfx-main-allocator-block-size=16777216"
    "memorysetup-gfx-thread-allocator-block-size=16777216"
    "memorysetup-cache-allocator-block-size=4194304"
    "memorysetup-typetree-allocator-block-size=2097152"
    "memorysetup-profiler-bucket-allocator-granularity=16"
    "memorysetup-profiler-bucket-allocator-bucket-count=8"
    "memorysetup-profiler-bucket-allocator-block-size=33554432"
    "memorysetup-profiler-bucket-allocator-block-count=8"
    "memorysetup-profiler-allocator-block-size=16777216"
    "memorysetup-profiler-editor-allocator-block-size=1048576"
    "memorysetup-temp-allocator-size-main=16777216"
    "memorysetup-job-temp-allocator-block-size=2097152"
    "memorysetup-job-temp-allocator-block-size-background=1048576"
    "memorysetup-job-temp-allocator-reduction-small-platforms=262144"
    "memorysetup-allocator-temp-initial-block-size-main=262144"
    "memorysetup-allocator-temp-initial-block-size-worker=262144"
    "memorysetup-temp-allocator-size-background-worker=32768"
    "memorysetup-temp-allocator-size-job-worker=262144"
    "memorysetup-temp-allocator-size-preload-manager=33554432"
    "memorysetup-temp-allocator-size-nav-mesh-worker=65536"
    "memorysetup-temp-allocator-size-audio-worker=65536"
    "memorysetup-temp-allocator-size-cloud-worker=32768"
    "memorysetup-temp-allocator-size-gi-baking-worker=262144"
    "memorysetup-temp-allocator-size-gfx=262144"
Player connection [1376] Host "[IP] 192.168.0.101 [Port] 0 [Flags] 2 [Guid] 927374552 [EditorId] 927374552 [Version] 1048832 [Id] WindowsEditor(7,LAPTOP-22IVI40K) [Debug] 1 [PackageName] WindowsEditor [ProjectName] Editor" joined multi-casting on [225.0.0.222:54997]...

Player connection [1376] Host "[IP] 192.168.0.101 [Port] 0 [Flags] 2 [Guid] 927374552 [EditorId] 927374552 [Version] 1048832 [Id] WindowsEditor(7,LAPTOP-22IVI40K) [Debug] 1 [PackageName] WindowsEditor [ProjectName] Editor" joined alternative multi-casting on [225.0.0.222:34997]...

Refreshing native plugins compatible for Editor in 15.04 ms, found 4 plugins.
Preloading 0 native plugins for Editor in 0.00 ms.
Initialize engine version: 2022.3.5f1 (9674261d40ee)
[Subsystems] Discovering subsystems at path C:/Program Files/Unity/Hub/Editor/Unity 2022.3.5f1/Editor/Data/Resources/UnitySubsystems
[Subsystems] Discovering subsystems at path D:/CloneCardGame/Assets
GfxDevice: creating device client; threaded=0; jobified=0
Direct3D:
    Version:  Direct3D 11.0 [level 11.1]
    Renderer: NVIDIA GeForce GTX 1650 (ID=0x1f91)
    Vendor:   NVIDIA
    VRAM:     3949 MB
    Driver:   31.0.15.3699
Initialize mono
Mono path[0] = 'C:/Program Files/Unity/Hub/Editor/Unity 2022.3.5f1/Editor/Data/Managed'
Mono path[1] = 'C:/Program Files/Unity/Hub/Editor/Unity 2022.3.5f1/Editor/Data/MonoBleedingEdge/lib/mono/unityjit-win32'
Mono config path = 'C:/Program Files/Unity/Hub/Editor/Unity 2022.3.5f1/Editor/Data/MonoBleedingEdge/etc'
Using monoOptions --debugger-agent=transport=dt_socket,embedding=1,server=y,suspend=n,address=127.0.0.1:56488
Begin MonoManager ReloadAssembly
Registering precompiled unity dll's ...
Register platform support module: C:/Program Files/Unity/Hub/Editor/Unity 2022.3.5f1/Editor/Data/PlaybackEngines/WindowsStandaloneSupport/UnityEditor.WindowsStandalone.Extensions.dll
Registered in 0.011642 seconds.
- Loaded All Assemblies, in  0.624 seconds
Native extension for WindowsStandalone target not found
Mono: successfully reloaded assembly
- Finished resetting the current domain, in  0.491 seconds
Domain Reload Profiling: 1113ms
	BeginReloadAssembly (162ms)
		ExecutionOrderSort (0ms)
		DisableScriptedObjects (0ms)
		BackupInstance (0ms)
		ReleaseScriptingObjects (0ms)
		CreateAndSetChildDomain (1ms)
	RebuildCommonClasses (67ms)
	RebuildNativeTypeToScriptingClass (18ms)
	initialDomainReloadingComplete (101ms)
	LoadAllAssembliesAndSetupDomain (273ms)
		LoadAssemblies (158ms)
		RebuildTransferFunctionScriptingTraits (0ms)
		AnalyzeDomain (263ms)
			TypeCache.Refresh (262ms)
				TypeCache.ScanAssembly (239ms)
			ScanForSourceGeneratedMonoScriptInfo (1ms)
			ResolveRequiredComponents (1ms)
	FinalizeReload (491ms)
		ReleaseScriptCaches (0ms)
		RebuildScriptCaches (0ms)
		SetupLoadedEditorAssemblies (381ms)
			LogAssemblyErrors (0ms)
			InitializePlatformSupportModulesInManaged (16ms)
			SetLoadedEditorAssemblies (15ms)
			RefreshPlugins (0ms)
			BeforeProcessingInitializeOnLoad (4ms)
			ProcessInitializeOnLoadAttributes (259ms)
			ProcessInitializeOnLoadMethodAttributes (87ms)
			AfterProcessingInitializeOnLoad (0ms)
			EditorAssembliesLoaded (0ms)
		ExecutionOrderSort2 (0ms)
		AwakeInstancesAfterBackupRestoration (0ms)
========================================================================
Worker process is ready to serve import requests
Begin MonoManager ReloadAssembly
Symbol file LoadedFromMemory doesn't match image D:\CloneCardGame\Library\PackageCache\com.unity.visualscripting@1.8.0\Editor\VisualScripting.Core\Dependencies\YamlDotNet\Unity.VisualScripting.YamlDotNet.dll
Symbol file LoadedFromMemory doesn't match image D:\CloneCardGame\Library\PackageCache\com.unity.visualscripting@1.8.0\Editor\VisualScripting.Core\Dependencies\DotNetZip\Unity.VisualScripting.IonicZip.dll
Symbol file LoadedFromMemory is not a mono symbol file
- Loaded All Assemblies, in  1.090 seconds
Refreshing native plugins compatible for Editor in 4.02 ms, found 4 plugins.
Native extension for WindowsStandalone target not found
Mono: successfully reloaded assembly
- Finished resetting the current domain, in  0.797 seconds
Domain Reload Profiling: 1883ms
	BeginReloadAssembly (194ms)
		ExecutionOrderSort (0ms)
		DisableScriptedObjects (9ms)
		BackupInstance (0ms)
		ReleaseScriptingObjects (0ms)
		CreateAndSetChildDomain (28ms)
	RebuildCommonClasses (58ms)
	RebuildNativeTypeToScriptingClass (18ms)
	initialDomainReloadingComplete (65ms)
	LoadAllAssembliesAndSetupDomain (750ms)
		LoadAssemblies (410ms)
		RebuildTransferFunctionScriptingTraits (0ms)
		AnalyzeDomain (434ms)
			TypeCache.Refresh (392ms)
				TypeCache.ScanAssembly (370ms)
			ScanForSourceGeneratedMonoScriptInfo (33ms)
			ResolveRequiredComponents (8ms)
	FinalizeReload (797ms)
		ReleaseScriptCaches (0ms)
		RebuildScriptCaches (0ms)
		SetupLoadedEditorAssemblies (551ms)
			LogAssemblyErrors (0ms)
			InitializePlatformSupportModulesInManaged (7ms)
			SetLoadedEditorAssemblies (6ms)
			RefreshPlugins (0ms)
			BeforeProcessingInitializeOnLoad (95ms)
			ProcessInitializeOnLoadAttributes (372ms)
			ProcessInitializeOnLoadMethodAttributes (61ms)
			AfterProcessingInitializeOnLoad (9ms)
			EditorAssembliesLoaded (0ms)
		ExecutionOrderSort2 (0ms)
		AwakeInstancesAfterBackupRestoration (9ms)
Launched and connected shader compiler UnityShaderCompiler.exe after 0.06 seconds
Refreshing native plugins compatible for Editor in 3.73 ms, found 4 plugins.
Preloading 0 native plugins for Editor in 0.00 ms.
Unloading 4282 Unused Serialized files (Serialized files now loaded: 0)
Unloading 81 unused Assets / (1.4 MB). Loaded Objects now: 4743.
Memory consumption went from 166.6 MB to 165.2 MB.
Total: 6.946600 ms (FindLiveObjects: 0.555800 ms CreateObjectMapping: 0.314700 ms MarkObjects: 4.525100 ms  DeleteObjects: 1.549500 ms)

AssetImportParameters requested are different than current active one (requested -> active):
  custom:container-demuxer-ogg: 62fdf1f143b41e24485cea50d1cbac27 -> 
  custom:video-codec-MediaFoundation-h265: 746d11721c4dcdbdad8f713fa42b33f4 -> 
  custom:video-decoder-ogg-theora: a1e56fd34408186e4bbccfd4996cb3dc -> 
  custom:framework-win-MediaFoundation: 216162199b28c13a410421893ffa2e32 -> 
  custom:CustomObjectIndexerAttribute: 756ad292c208cfabdd7b50bc23989ffe -> 
  custom:container-demuxer-webm: 4f35f7cbe854078d1ac9338744f61a02 -> 
  custom:container-muxer-webm: aa71ff27fc2769a1b78a27578f13a17b -> 
  custom:video-decoder-webm-vp8: 9c59270c3fd7afecdb556c50c9e8de78 -> 
  custom:AudioImporter_EditorPlatform: d09bf68614088b80899f8185d706f6e7 -> 
  custom:video-encoder-webm-vp8: eb34c28f22e8b96e1ab97ce403110664 -> 
  custom:audio-decoder-ogg-vorbis: bf7c407c2cedff20999df2af8eb42d56 -> 
  custom:audio-encoder-webm-vorbis: bf7c407c2cedff20999df2af8eb42d56 -> 
========================================================================
Received Import Request.
  Time since last request: 89137.965992 seconds.
  path: Assets/TextMesh Pro/Resources/Fonts & Materials/LiberationSans SDF.asset
  artifactKey: Guid(8f586378b4e144a9851e7b34d9b748ee) Importer(815301076,1909f56bfc062723c751e8b465ee728b)
Start importing Assets/TextMesh Pro/Resources/Fonts & Materials/LiberationSans SDF.asset using Guid(8f586378b4e144a9851e7b34d9b748ee) Importer(815301076,1909f56bfc062723c751e8b465ee728b)  -> (artifact id: '0abcb74a4139485b607f419e59c88e80') in 0.282678 seconds
Number of updated asset objects reloaded before import = 0
Number of asset objects unloaded after import = 9
========================================================================
Received Import Request.
  Time since last request: 110.791798 seconds.
  path: Assets/Prefabs/Fighter.prefab
  artifactKey: Guid(db0aa08697faab94eb2f827d2bff4b6b) Importer(815301076,1909f56bfc062723c751e8b465ee728b)
Start importing Assets/Prefabs/Fighter.prefab using Guid(db0aa08697faab94eb2f827d2bff4b6b) Importer(815301076,1909f56bfc062723c751e8b465ee728b)  -> (artifact id: '02c9b7c9bafe57b29eac2efa83ebb6ab') in 0.056514 seconds
Number of updated asset objects reloaded before import = 0
Number of asset objects unloaded after import = 43
========================================================================
Received Import Request.
  Time since last request: 3.039286 seconds.
  path: Assets/Prefabs/BuffPrefab.prefab
  artifactKey: Guid(050088c6ef463b54c96f460fbadaf52c) Importer(815301076,1909f56bfc062723c751e8b465ee728b)
Start importing Assets/Prefabs/BuffPrefab.prefab using Guid(050088c6ef463b54c96f460fbadaf52c) Importer(815301076,1909f56bfc062723c751e8b465ee728b)  -> (artifact id: 'cb553e2ac60d0db0564f67fde55e1706') in 0.005927 seconds
Number of updated asset objects reloaded before import = 0
Number of asset objects unloaded after import = 17
========================================================================
Received Import Request.
  Time since last request: 8.870523 seconds.
  path: Assets/Prefabs/Fighter.prefab
  artifactKey: Guid(db0aa08697faab94eb2f827d2bff4b6b) Importer(815301076,1909f56bfc062723c751e8b465ee728b)
Start importing Assets/Prefabs/Fighter.prefab using Guid(db0aa08697faab94eb2f827d2bff4b6b) Importer(815301076,1909f56bfc062723c751e8b465ee728b)  -> (artifact id: '4ba60cd5efb0f564c306fd099a837729') in 0.027420 seconds
Number of updated asset objects reloaded before import = 0
Number of asset objects unloaded after import = 65
========================================================================
Received Import Request.
  Time since last request: 2206.975907 seconds.
  path: Assets/Sprites/Enage.png
  artifactKey: Guid(11288a5c0ce8efc43868e446fbfa9f17) Importer(815301076,1909f56bfc062723c751e8b465ee728b)
Start importing Assets/Sprites/Enage.png using Guid(11288a5c0ce8efc43868e446fbfa9f17) Importer(815301076,1909f56bfc062723c751e8b465ee728b)  -> (artifact id: '21ac2fe3936e96958b5ed6cb2fba29bf') in 0.101646 seconds
Number of updated asset objects reloaded before import = 0
Number of asset objects unloaded after import = 3
========================================================================
Received Import Request.
  Time since last request: 0.000056 seconds.
  path: Assets/Sprites/Vunra.png
  artifactKey: Guid(5971475a54d567e4f9acfa6ff98b7464) Importer(815301076,1909f56bfc062723c751e8b465ee728b)
Start importing Assets/Sprites/Vunra.png using Guid(5971475a54d567e4f9acfa6ff98b7464) Importer(815301076,1909f56bfc062723c751e8b465ee728b)  -> (artifact id: '96f6b5485f0292d92a1da6561e24f25f') in 0.042106 seconds
Number of updated asset objects reloaded before import = 0
Number of asset objects unloaded after import = 3
========================================================================
Received Import Request.
  Time since last request: 0.000036 seconds.
  path: Assets/Sprites/Vun.png
  artifactKey: Guid(2325c9480d9ea4142bed5695751f8df4) Importer(815301076,1909f56bfc062723c751e8b465ee728b)
Start importing Assets/Sprites/Vun.png using Guid(2325c9480d9ea4142bed5695751f8df4) Importer(815301076,1909f56bfc062723c751e8b465ee728b)  -> (artifact id: '98564a98357089cdae996694a16321ae') in 0.036069 seconds
Number of updated asset objects reloaded before import = 0
Number of asset objects unloaded after import = 3
========================================================================
Received Import Request.
  Time since last request: 331.066522 seconds.
  path: Assets/Sprites
  artifactKey: Guid(49ad0fa5500313049a465fc43925e7cc) Importer(815301076,1909f56bfc062723c751e8b465ee728b)
Start importing Assets/Sprites using Guid(49ad0fa5500313049a465fc43925e7cc) Importer(815301076,1909f56bfc062723c751e8b465ee728b)  -> (artifact id: 'bc8b7ddf3782b14fe6b24fb59a710970') in 0.000910 seconds
Number of updated asset objects reloaded before import = 0
Number of asset objects unloaded after import = 0
========================================================================
Received Import Request.
  Time since last request: 57.492166 seconds.
  path: Assets/Sprites/Enage-removebg-preview.png
  artifactKey: Guid(c35657139bbb0f149a8033f08174f3f8) Importer(815301076,1909f56bfc062723c751e8b465ee728b)
Start importing Assets/Sprites/Enage-removebg-preview.png using Guid(c35657139bbb0f149a8033f08174f3f8) Importer(815301076,1909f56bfc062723c751e8b465ee728b)  -> (artifact id: '72c944d8e687cbcf2c31b896e0db6efa') in 0.036512 seconds
Number of updated asset objects reloaded before import = 0
Number of asset objects unloaded after import = 3
========================================================================
Received Import Request.
  Time since last request: 0.000034 seconds.
  path: Assets/Sprites/Strength-removebg-preview.png
  artifactKey: Guid(ed8ea0c3d2b5b904d86cb54a7bf75309) Importer(815301076,1909f56bfc062723c751e8b465ee728b)
Start importing Assets/Sprites/Strength-removebg-preview.png using Guid(ed8ea0c3d2b5b904d86cb54a7bf75309) Importer(815301076,1909f56bfc062723c751e8b465ee728b)  -> (artifact id: '8c65562bda34ca62187d4158fcb916af') in 0.041078 seconds
Number of updated asset objects reloaded before import = 0
Number of asset objects unloaded after import = 3
========================================================================
Received Import Request.
  Time since last request: 1040.046182 seconds.
  path: Assets/Sprites/Burn.png
  artifactKey: Guid(e7d2db723b2184a4286b005b695457ab) Importer(815301076,1909f56bfc062723c751e8b465ee728b)
Start importing Assets/Sprites/Burn.png using Guid(e7d2db723b2184a4286b005b695457ab) Importer(815301076,1909f56bfc062723c751e8b465ee728b)  -> (artifact id: 'd9acbcbc83b68a744298ef0393b83fe3') in 0.089197 seconds
Number of updated asset objects reloaded before import = 0
Number of asset objects unloaded after import = 3
========================================================================
Received Import Request.
  Time since last request: 0.000042 seconds.
  path: Assets/Sprites/Vunra.png
  artifactKey: Guid(5971475a54d567e4f9acfa6ff98b7464) Importer(815301076,1909f56bfc062723c751e8b465ee728b)
Start importing Assets/Sprites/Vunra.png using Guid(5971475a54d567e4f9acfa6ff98b7464) Importer(815301076,1909f56bfc062723c751e8b465ee728b)  -> (artifact id: '9d406d766a612491e5f5d224b65aa8aa') in 0.041925 seconds
Number of updated asset objects reloaded before import = 0
Number of asset objects unloaded after import = 3
========================================================================
Received Import Request.
  Time since last request: 0.000074 seconds.
  path: Assets/Sprites/Poision.png
  artifactKey: Guid(a19418b4c6391fb48bb2880aa89df5a0) Importer(815301076,1909f56bfc062723c751e8b465ee728b)
Start importing Assets/Sprites/Poision.png using Guid(a19418b4c6391fb48bb2880aa89df5a0) Importer(815301076,1909f56bfc062723c751e8b465ee728b)  -> (artifact id: '0dd5b2c5e52cbc881637febe934a06c0') in 0.037874 seconds
Number of updated asset objects reloaded before import = 0
Number of asset objects unloaded after import = 3
========================================================================
Received Import Request.
  Time since last request: 0.000057 seconds.
  path: Assets/Sprites/Strength.png
  artifactKey: Guid(bf9b7e4c62f977142b4a678515eabe6a) Importer(815301076,1909f56bfc062723c751e8b465ee728b)
Start importing Assets/Sprites/Strength.png using Guid(bf9b7e4c62f977142b4a678515eabe6a) Importer(815301076,1909f56bfc062723c751e8b465ee728b)  -> (artifact id: 'e0d6629cf57e45acbe29e3fda33e4c94') in 0.033129 seconds
Number of updated asset objects reloaded before import = 0
Number of asset objects unloaded after import = 3
========================================================================
Received Import Request.
  Time since last request: 160.819344 seconds.
  path: Assets/Sprites/Dex.png
  artifactKey: Guid(c3fb80cf17e695643b8d0dd7b370367a) Importer(815301076,1909f56bfc062723c751e8b465ee728b)
Start importing Assets/Sprites/Dex.png using Guid(c3fb80cf17e695643b8d0dd7b370367a) Importer(815301076,1909f56bfc062723c751e8b465ee728b)  -> (artifact id: '544f46a409777b5a3302ef83cf9a49c9') in 0.033400 seconds
Number of updated asset objects reloaded before import = 0
Number of asset objects unloaded after import = 3
========================================================================
Received Import Request.
  Time since last request: 14.981721 seconds.
  path: Assets/CaptainCatSparrow/SpellIconsVolume_2/UI/Prefabs/Card_UI.prefab
  artifactKey: Guid(f4b715185a032e64b9a83a9bdb792d4c) Importer(815301076,1909f56bfc062723c751e8b465ee728b)
Start importing Assets/CaptainCatSparrow/SpellIconsVolume_2/UI/Prefabs/Card_UI.prefab using Guid(f4b715185a032e64b9a83a9bdb792d4c) Importer(815301076,1909f56bfc062723c751e8b465ee728b)  -> (artifact id: '2da4e6ed66168983cbd4fe5b0a5f22c2') in 0.011112 seconds
Number of updated asset objects reloaded before import = 0
Number of asset objects unloaded after import = 26
========================================================================
Received Import Request.
  Time since last request: 1906.128441 seconds.
  path: Assets/UI Toolkit/PanelSettings.asset
  artifactKey: Guid(96f59b56a52f84f4fa329eb9420e7efc) Importer(815301076,1909f56bfc062723c751e8b465ee728b)
Start importing Assets/UI Toolkit/PanelSettings.asset using Guid(96f59b56a52f84f4fa329eb9420e7efc) Importer(815301076,1909f56bfc062723c751e8b465ee728b)  -> (artifact id: 'e65fe1fb82880da544f1566488489019') in 0.121431 seconds
Number of updated asset objects reloaded before import = 0
Number of asset objects unloaded after import = 24
========================================================================
Received Import Request.
  Time since last request: 2305.548501 seconds.
  path: Assets/Prefabs/Fighter.prefab
  artifactKey: Guid(db0aa08697faab94eb2f827d2bff4b6b) Importer(815301076,1909f56bfc062723c751e8b465ee728b)
Start importing Assets/Prefabs/Fighter.prefab using Guid(db0aa08697faab94eb2f827d2bff4b6b) Importer(815301076,1909f56bfc062723c751e8b465ee728b)  -> (artifact id: '27c7f85e9ec603895df3a0da51f1f9f6') in 0.211499 seconds
Number of updated asset objects reloaded before import = 0
Number of asset objects unloaded after import = 76
